[2019-02-20 11:33:03,016] INFO org.github.dragos.vscode.Main$ - Starting server in /Users/jamesgood/Desktop/dev/fed_dev/cra_sites/portfolio-playground
[2019-02-20 11:33:03,016] INFO org.github.dragos.vscode.Main$ - Starting server in /Users/jamesgood/Desktop/dev/fed_dev/cra_sites/portfolio-playground
[2019-02-20 11:33:03,026] INFO org.github.dragos.vscode.Main$ - Classpath: /Users/jamesgood/.vscode/extensions/dragos.scala-lsp-0.2.3/coursier
[2019-02-20 11:33:03,026] INFO org.github.dragos.vscode.Main$ - Classpath: /Users/jamesgood/.vscode/extensions/dragos.scala-lsp-0.2.3/coursier
[2019-02-20 11:33:03,258] DEBUG langserver.core.MessageReader - Received headers:
Content-Length: 1263
[2019-02-20 11:33:03,258] DEBUG langserver.core.MessageReader - Received headers:
Content-Length: 1263
[2019-02-20 11:33:03,283] DEBUG langserver.core.Connection - Received {"jsonrpc":"2.0","id":0,"method":"initialize","params":{"processId":26026,"rootPath":"/Users/jamesgood/Desktop/dev/fed_dev/cra_sites/portfolio-playground","rootUri":"file:///Users/jamesgood/Desktop/dev/fed_dev/cra_sites/portfolio-playground","capabilities":{"workspace":{"applyEdit":true,"didChangeConfiguration":{"dynamicRegistration":false},"didChangeWatchedFiles":{"dynamicRegistration":false},"symbol":{"dynamicRegistration":true},"executeCommand":{"dynamicRegistration":true}},"textDocument":{"synchronization":{"dynamicRegistration":true,"willSave":true,"willSaveWaitUntil":true,"didSave":true},"completion":{"dynamicRegistration":true,"completionItem":{"snippetSupport":true}},"hover":{"dynamicRegistration":true},"signatureHelp":{"dynamicRegistration":true},"references":{"dynamicRegistration":true},"documentHighlight":{"dynamicRegistration":true},"documentSymbol":{"dynamicRegistration":true},"formatting":{"dynamicRegistration":true},"rangeFormatting":{"dynamicRegistration":true},"onTypeFormatting":{"dynamicRegistration":true},"definition":{"dynamicRegistration":true},"codeAction":{"dynamicRegistration":true},"codeLens":{"dynamicRegistration":true},"documentLink":{"dynamicRegistration":true},"rename":{"dynamicRegistration":true}}},"trace":"off"}}
[2019-02-20 11:33:03,283] DEBUG langserver.core.Connection - Received {"jsonrpc":"2.0","id":0,"method":"initialize","params":{"processId":26026,"rootPath":"/Users/jamesgood/Desktop/dev/fed_dev/cra_sites/portfolio-playground","rootUri":"file:///Users/jamesgood/Desktop/dev/fed_dev/cra_sites/portfolio-playground","capabilities":{"workspace":{"applyEdit":true,"didChangeConfiguration":{"dynamicRegistration":false},"didChangeWatchedFiles":{"dynamicRegistration":false},"symbol":{"dynamicRegistration":true},"executeCommand":{"dynamicRegistration":true}},"textDocument":{"synchronization":{"dynamicRegistration":true,"willSave":true,"willSaveWaitUntil":true,"didSave":true},"completion":{"dynamicRegistration":true,"completionItem":{"snippetSupport":true}},"hover":{"dynamicRegistration":true},"signatureHelp":{"dynamicRegistration":true},"references":{"dynamicRegistration":true},"documentHighlight":{"dynamicRegistration":true},"documentSymbol":{"dynamicRegistration":true},"formatting":{"dynamicRegistration":true},"rangeFormatting":{"dynamicRegistration":true},"onTypeFormatting":{"dynamicRegistration":true},"definition":{"dynamicRegistration":true},"codeAction":{"dynamicRegistration":true},"codeLens":{"dynamicRegistration":true},"documentLink":{"dynamicRegistration":true},"rename":{"dynamicRegistration":true}}},"trace":"off"}}
[2019-02-20 11:33:04,206] INFO org.github.dragos.vscode.EnsimeLanguageServer - Initialized with 26026, /Users/jamesgood/Desktop/dev/fed_dev/cra_sites/portfolio-playground, ClientCapabilities()
[2019-02-20 11:33:04,206] INFO org.github.dragos.vscode.EnsimeLanguageServer - Initialized with 26026, /Users/jamesgood/Desktop/dev/fed_dev/cra_sites/portfolio-playground, ClientCapabilities()
[2019-02-20 11:33:04,208] DEBUG org.github.dragos.vscode.EnsimeLanguageServer - ensime.config = "/Users/jamesgood/Desktop/dev/fed_dev/cra_sites/portfolio-playground/.ensime" 
[2019-02-20 11:33:04,208] DEBUG org.github.dragos.vscode.EnsimeLanguageServer - ensime.config = "/Users/jamesgood/Desktop/dev/fed_dev/cra_sites/portfolio-playground/.ensime" 
[2019-02-20 11:33:04,935] INFO akka.event.slf4j.Slf4jLogger - Slf4jLogger started
[2019-02-20 11:33:05,282] ERROR org.github.dragos.vscode.EnsimeLanguageServer - initializeEnsime Error: /Users/jamesgood/Desktop/dev/fed_dev/cra_sites/portfolio-playground/.ensime
[2019-02-20 11:33:05,282] ERROR org.github.dragos.vscode.EnsimeLanguageServer - initializeEnsime Error: /Users/jamesgood/Desktop/dev/fed_dev/cra_sites/portfolio-playground/.ensime
[2019-02-20 11:33:05,446] DEBUG langserver.core.MessageWriter - Content-Length: 146



{"jsonrpc":"2.0","method":"window/showMessage","params":{"tpe":1,"message":"No .ensime file in directory. Run `sbt ensimeConfig` to create one."}}
[2019-02-20 11:33:05,446] DEBUG langserver.core.MessageWriter - Content-Length: 146



{"jsonrpc":"2.0","method":"window/showMessage","params":{"tpe":1,"message":"No .ensime file in directory. Run `sbt ensimeConfig` to create one."}}
[2019-02-20 11:33:05,447] DEBUG langserver.core.MessageWriter - payload: {"jsonrpc":"2.0","method":"window/showMessage","params":{"tpe":1,"message":"No .ensime file in directory. Run `sbt ensimeConfig` to create one."}}
[2019-02-20 11:33:05,447] DEBUG langserver.core.MessageWriter - payload: {"jsonrpc":"2.0","method":"window/showMessage","params":{"tpe":1,"message":"No .ensime file in directory. Run `sbt ensimeConfig` to create one."}}
[2019-02-20 11:33:05,586] DEBUG langserver.core.MessageWriter - Content-Length: 441



{"jsonrpc":"2.0","result":{"capabilities":{"textDocumentSync":1,"hoverProvider":true,"completionProvider":{"resolveProvider":false,"triggerCharacters":["."]},"definitionProvider":true,"referencesProvider":false,"documentHighlightProvider":false,"documentSymbolProvider":true,"workspaceSymbolProvider":false,"codeActionProvider":false,"documentFormattingProvider":false,"documentRangeFormattingProvider":false,"renameProvider":false}},"id":0}
[2019-02-20 11:33:05,586] DEBUG langserver.core.MessageWriter - Content-Length: 441



{"jsonrpc":"2.0","result":{"capabilities":{"textDocumentSync":1,"hoverProvider":true,"completionProvider":{"resolveProvider":false,"triggerCharacters":["."]},"definitionProvider":true,"referencesProvider":false,"documentHighlightProvider":false,"documentSymbolProvider":true,"workspaceSymbolProvider":false,"codeActionProvider":false,"documentFormattingProvider":false,"documentRangeFormattingProvider":false,"renameProvider":false}},"id":0}
[2019-02-20 11:33:05,586] DEBUG langserver.core.MessageWriter - payload: {"jsonrpc":"2.0","result":{"capabilities":{"textDocumentSync":1,"hoverProvider":true,"completionProvider":{"resolveProvider":false,"triggerCharacters":["."]},"definitionProvider":true,"referencesProvider":false,"documentHighlightProvider":false,"documentSymbolProvider":true,"workspaceSymbolProvider":false,"codeActionProvider":false,"documentFormattingProvider":false,"documentRangeFormattingProvider":false,"renameProvider":false}},"id":0}
[2019-02-20 11:33:05,586] DEBUG langserver.core.MessageWriter - payload: {"jsonrpc":"2.0","result":{"capabilities":{"textDocumentSync":1,"hoverProvider":true,"completionProvider":{"resolveProvider":false,"triggerCharacters":["."]},"definitionProvider":true,"referencesProvider":false,"documentHighlightProvider":false,"documentSymbolProvider":true,"workspaceSymbolProvider":false,"codeActionProvider":false,"documentFormattingProvider":false,"documentRangeFormattingProvider":false,"renameProvider":false}},"id":0}
[2019-02-20 11:33:05,587] DEBUG langserver.core.MessageReader - Received headers:
Content-Length: 52
[2019-02-20 11:33:05,587] DEBUG langserver.core.MessageReader - Received headers:
Content-Length: 52
[2019-02-20 11:33:05,588] DEBUG langserver.core.Connection - Received {"jsonrpc":"2.0","method":"initialized","params":{}}
[2019-02-20 11:33:05,588] DEBUG langserver.core.Connection - Received {"jsonrpc":"2.0","method":"initialized","params":{}}
[2019-02-20 11:33:05,599] ERROR org.github.dragos.vscode.EnsimeLanguageServer - Unknown notification Initialized()
[2019-02-20 11:33:05,599] ERROR org.github.dragos.vscode.EnsimeLanguageServer - Unknown notification Initialized()
[2019-02-20 12:49:32,853] DEBUG langserver.core.MessageReader - Received headers:
Content-Length: 58
[2019-02-20 12:49:32,853] DEBUG langserver.core.MessageReader - Received headers:
Content-Length: 58
[2019-02-20 12:49:32,862] DEBUG langserver.core.Connection - Received {"jsonrpc":"2.0","id":1,"method":"shutdown","params":null}
[2019-02-20 12:49:32,862] DEBUG langserver.core.Connection - Received {"jsonrpc":"2.0","id":1,"method":"shutdown","params":null}
[2019-02-20 12:49:32,909] DEBUG langserver.core.MessageWriter - Content-Length: 198



{"jsonrpc":"2.0","error":{"code":-32602,"message":"Invalid params","data":{"meaning":"Invalid method parameter(s).","error":{"obj":[{"msg":["command parameters must be given"],"args":[]}]}}},"id":1}
[2019-02-20 12:49:32,909] DEBUG langserver.core.MessageWriter - Content-Length: 198



{"jsonrpc":"2.0","error":{"code":-32602,"message":"Invalid params","data":{"meaning":"Invalid method parameter(s).","error":{"obj":[{"msg":["command parameters must be given"],"args":[]}]}}},"id":1}
[2019-02-20 12:49:32,922] DEBUG langserver.core.MessageWriter - payload: {"jsonrpc":"2.0","error":{"code":-32602,"message":"Invalid params","data":{"meaning":"Invalid method parameter(s).","error":{"obj":[{"msg":["command parameters must be given"],"args":[]}]}}},"id":1}
[2019-02-20 12:49:32,922] DEBUG langserver.core.MessageWriter - payload: {"jsonrpc":"2.0","error":{"code":-32602,"message":"Invalid params","data":{"meaning":"Invalid method parameter(s).","error":{"obj":[{"msg":["command parameters must be given"],"args":[]}]}}},"id":1}
[2019-02-20 12:49:33,878] INFO langserver.core.MessageReader - End of stream, terminating thread
[2019-02-20 12:49:33,878] INFO langserver.core.MessageReader - End of stream, terminating thread
[2019-02-20 12:49:33,879] INFO org.github.dragos.vscode.EnsimeLanguageServer - Shutdown request
[2019-02-20 12:49:33,879] INFO org.github.dragos.vscode.EnsimeLanguageServer - Shutdown request
[2019-02-20 12:49:33,882] INFO org.github.dragos.vscode.EnsimeLanguageServer - Shutting down actor system.
[2019-02-20 12:49:33,882] INFO org.github.dragos.vscode.EnsimeLanguageServer - Shutting down actor system.
[2019-02-20 12:49:33,931] INFO org.github.dragos.vscode.EnsimeLanguageServer - Actor system down.
[2019-02-20 12:49:33,931] INFO org.github.dragos.vscode.EnsimeLanguageServer - Actor system down.
